<?xml version="1.0" encoding="UTF-8" ?>
<testsuite tests="33" failures="0" name="Practise.WalletApp.AppTest" time="14.013" errors="0" skipped="5">
  <properties>
    <property name="java.runtime.name" value="Java(TM) SE Runtime Environment"/>
    <property name="sun.boot.library.path" value="C:\Program Files\Java\jdk1.8.0_151\jre\bin"/>
    <property name="java.vm.version" value="25.151-b12"/>
    <property name="java.vm.vendor" value="Oracle Corporation"/>
    <property name="maven.multiModuleProjectDirectory" value="C:\Users\abdkamal\Documents\SpringEclipse\WalletAppUsingSpringJPA"/>
    <property name="java.vendor.url" value="http://java.oracle.com/"/>
    <property name="path.separator" value=";"/>
    <property name="guice.disable.misplaced.annotation.check" value="true"/>
    <property name="java.vm.name" value="Java HotSpot(TM) 64-Bit Server VM"/>
    <property name="file.encoding.pkg" value="sun.io"/>
    <property name="user.script" value=""/>
    <property name="user.country" value="US"/>
    <property name="sun.java.launcher" value="SUN_STANDARD"/>
    <property name="sun.os.patch.level" value=""/>
    <property name="java.vm.specification.name" value="Java Virtual Machine Specification"/>
    <property name="user.dir" value="C:\Users\abdkamal\Documents\SpringEclipse\WalletAppUsingSpringJPA"/>
    <property name="java.runtime.version" value="1.8.0_151-b12"/>
    <property name="java.awt.graphicsenv" value="sun.awt.Win32GraphicsEnvironment"/>
    <property name="java.endorsed.dirs" value="C:\Program Files\Java\jdk1.8.0_151\jre\lib\endorsed"/>
    <property name="os.arch" value="amd64"/>
    <property name="java.io.tmpdir" value="C:\Users\abdkamal\AppData\Local\Temp\"/>
    <property name="line.separator" value="
"/>
    <property name="java.vm.specification.vendor" value="Oracle Corporation"/>
    <property name="user.variant" value=""/>
    <property name="os.name" value="Windows 10"/>
    <property name="classworlds.conf" value="C:\Users\abdkamal\Documents\SpringEclipse\.metadata\.plugins\org.eclipse.m2e.launching\launches\m2conf8854380668768356013.tmp"/>
    <property name="sun.jnu.encoding" value="Cp1252"/>
    <property name="java.library.path" value="C:\Program Files\Java\jdk1.8.0_151\bin;C:\WINDOWS\Sun\Java\bin;C:\WINDOWS\system32;C:\WINDOWS;C:/Program Files/Java/jre1.8.0_151/bin/server;C:/Program Files/Java/jre1.8.0_151/bin;C:/Program Files/Java/jre1.8.0_151/lib/amd64;C:\oraclexe\app\oracle\product\11.2.0\server\bin;C:\ProgramData\Oracle\Java\javapath;C:\WINDOWS\system32;C:\WINDOWS;C:\WINDOWS\System32\Wbem;C:\WINDOWS\System32\WindowsPowerShell\v1.0\;C:\Program Files (x86)\QuickTime\QTSystem\;C:\Program Files\CapgeminiScripts\Support Tools\;C:\Program Files\Java\jdk1.8.0_151\bin;C:\Program Files\gradle-3.1-bin\gradle-3.1\bin;C:\Program Files\MySQL\MySQL Utilities 1.6\;C:\Users\abdkamal\AppData\Roaming\nvm;C:\Program Files\nodejs;C:\Users\abdkamal\AppData\Local\Microsoft\WindowsApps;C:\Users\abdkamal\AppData\Local\Programs\Git\cmd;&quot;C:\WINDOWS\system32;C:\WINDOWS;C:\Program Files\Java\jdk1.7.0\bin&quot;;C:\Program Files\Java\jre1.8.0_131\bin;C:\Program Files\Microsoft VS Code\bin;C:\Users\abdkamal\AppData\Roaming\nvm;C:\Program Files\nodejs;C:\temp\spring-tool-suite-3.9.2.RELEASE-e4.7.2-win32-x86_64\sts-bundle\sts-3.9.2.RELEASE;;."/>
    <property name="java.specification.name" value="Java Platform API Specification"/>
    <property name="java.class.version" value="52.0"/>
    <property name="sun.management.compiler" value="HotSpot 64-Bit Tiered Compilers"/>
    <property name="os.version" value="10.0"/>
    <property name="user.home" value="C:\Users\abdkamal"/>
    <property name="user.timezone" value="Asia/Singapore"/>
    <property name="java.awt.printerjob" value="sun.awt.windows.WPrinterJob"/>
    <property name="java.specification.version" value="1.8"/>
    <property name="file.encoding" value="Cp1252"/>
    <property name="user.name" value="abdkamal"/>
    <property name="java.class.path" value="C:\temp\spring-tool-suite-3.9.2.RELEASE-e4.7.2-win32-x86_64\sts-bundle\sts-3.9.2.RELEASE\plugins\org.eclipse.m2e.maven.runtime_1.8.2.20171007-0216\jars\plexus-classworlds-2.5.2.jar"/>
    <property name="java.vm.specification.version" value="1.8"/>
    <property name="sun.arch.data.model" value="64"/>
    <property name="java.home" value="C:\Program Files\Java\jdk1.8.0_151\jre"/>
    <property name="sun.java.command" value="org.codehaus.plexus.classworlds.launcher.Launcher -B clean test"/>
    <property name="java.specification.vendor" value="Oracle Corporation"/>
    <property name="user.language" value="en"/>
    <property name="awt.toolkit" value="sun.awt.windows.WToolkit"/>
    <property name="java.vm.info" value="mixed mode"/>
    <property name="java.version" value="1.8.0_151"/>
    <property name="java.ext.dirs" value="C:\Program Files\Java\jdk1.8.0_151\jre\lib\ext;C:\WINDOWS\Sun\Java\lib\ext"/>
    <property name="sun.boot.class.path" value="C:\Program Files\Java\jdk1.8.0_151\jre\lib\resources.jar;C:\Program Files\Java\jdk1.8.0_151\jre\lib\rt.jar;C:\Program Files\Java\jdk1.8.0_151\jre\lib\sunrsasign.jar;C:\Program Files\Java\jdk1.8.0_151\jre\lib\jsse.jar;C:\Program Files\Java\jdk1.8.0_151\jre\lib\jce.jar;C:\Program Files\Java\jdk1.8.0_151\jre\lib\charsets.jar;C:\Program Files\Java\jdk1.8.0_151\jre\lib\jfr.jar;C:\Program Files\Java\jdk1.8.0_151\jre\classes"/>
    <property name="java.vendor" value="Oracle Corporation"/>
    <property name="maven.home" value="C:\Users\abdkamal\Documents\SpringEclipse\WalletAppUsingSpringJPA\EMBEDDED"/>
    <property name="file.separator" value="\"/>
    <property name="java.vendor.url.bug" value="http://bugreport.sun.com/bugreport/"/>
    <property name="sun.cpu.endian" value="little"/>
    <property name="sun.io.unicode.encoding" value="UnicodeLittle"/>
    <property name="sun.desktop" value="windows"/>
    <property name="sun.cpu.isalist" value="amd64"/>
  </properties>
  <testcase classname="WalletCreateAccount" name="duplicate account" time="2.882"/>
  <testcase classname="WalletCreateAccount" name="invalid mobile number" time="0.48"/>
  <testcase classname="WalletCreateAccount" name="invalid mobile number (non-numerical)" time="0.557"/>
  <testcase classname="WalletCreateAccount" name="mobile number is null" time="0.492"/>
  <testcase classname="WalletCreateAccount" name="amount is invalid" time="0.399"/>
  <testcase classname="WalletCreateAccount" name="name is null" time="0.332"/>
  <testcase classname="WalletCreateAccount" name="name is empty" time="0.343"/>
  <testcase classname="WalletCreateAccount" name="name includes !@#$%^&amp;*(){}:;&quot;\|&lt;&gt;~`" time="0.297"/>
  <testcase classname="WalletCreateAccount" name="Valid create account" time="0.446"/>
  <testcase classname="WalletDeposit" name="mobile not found" time="0.608"/>
  <testcase classname="WalletDeposit" name="invalid mobile number" time="0.386"/>
  <testcase classname="WalletDeposit" name="invalid mobile number (non-numerical value)" time="0.291"/>
  <testcase classname="WalletDeposit" name="mobile number is null" time="0.343"/>
  <testcase classname="WalletDeposit" name="amount is invalid" time="0.265"/>
  <testcase classname="WalletDeposit" name="amount is out of limits" time="0.313"/>
  <testcase classname="WalletDeposit" name="WalletDepositValid" time="0.453"/>
  <testcase classname="WalletShowBalance" name="mobile not found" time="0.343"/>
  <testcase classname="WalletShowBalance" name="invalid mobile number" time="0.377"/>
  <testcase classname="WalletShowBalance" name="invalid mobile number (Non-numberic)" time="0.39"/>
  <testcase classname="WalletShowBalance" name="mobile number is null" time="0.317"/>
  <testcase classname="WalletShowBalance" name="ShowBalanceValid" time="0.334"/>
  <testcase classname="WalletTransaction" name="mobile not found" time="0.25">
    <skipped/>
    <system-err>Mar 13, 2018 3:56:33 PM org.hibernate.jpa.internal.util.LogHelper logPersistenceUnitInformation
INFO: HHH000204: Processing PersistenceUnitInfo [
	name: hello
	...]
Mar 13, 2018 3:56:33 PM org.hibernate.dialect.Dialect &lt;init&gt;
INFO: HHH000400: Using dialect: org.hibernate.dialect.Oracle10gDialect
Mar 13, 2018 3:56:33 PM org.hibernate.hql.internal.ast.ASTQueryTranslatorFactory &lt;init&gt;
INFO: HHH000397: Using ASTQueryTranslatorFactory
Mar 13, 2018 3:56:33 PM org.hibernate.tool.hbm2ddl.SchemaUpdate execute
INFO: HHH000228: Running hbm2ddl schema update
Mar 13, 2018 3:56:33 PM org.hibernate.tool.hbm2ddl.SchemaUpdate execute
INFO: HHH000102: Fetching database metadata
Mar 13, 2018 3:56:33 PM org.hibernate.tool.hbm2ddl.SchemaUpdate execute
INFO: HHH000396: Updating schema
Mar 13, 2018 3:56:33 PM org.hibernate.tool.hbm2ddl.TableMetadata &lt;init&gt;
INFO: HHH000261: Table found: HR.WALL_ACCT_TXN
Mar 13, 2018 3:56:33 PM org.hibernate.tool.hbm2ddl.TableMetadata &lt;init&gt;
INFO: HHH000037: Columns: [transaction_id, performedaction, amount, account_acct_id, dateoftransaction]
Mar 13, 2018 3:56:33 PM org.hibernate.tool.hbm2ddl.TableMetadata &lt;init&gt;
INFO: HHH000108: Foreign keys: [fk_r11ime6uixspt10beg6a31vrm]
Mar 13, 2018 3:56:33 PM org.hibernate.tool.hbm2ddl.TableMetadata &lt;init&gt;
INFO: HHH000126: Indexes: [sys_c009028]
Mar 13, 2018 3:56:33 PM org.hibernate.tool.hbm2ddl.TableMetadata &lt;init&gt;
INFO: HHH000261: Table found: HR.WALL_WALLET
Mar 13, 2018 3:56:33 PM org.hibernate.tool.hbm2ddl.TableMetadata &lt;init&gt;
INFO: HHH000037: Columns: [wall_id, walletid, balance]
Mar 13, 2018 3:56:33 PM org.hibernate.tool.hbm2ddl.TableMetadata &lt;init&gt;
INFO: HHH000108: Foreign keys: []
Mar 13, 2018 3:56:33 PM org.hibernate.tool.hbm2ddl.TableMetadata &lt;init&gt;
INFO: HHH000126: Indexes: [sys_c009031]
Mar 13, 2018 3:56:33 PM org.hibernate.tool.hbm2ddl.TableMetadata &lt;init&gt;
INFO: HHH000261: Table found: HR.WALL_ACCOUNT
Mar 13, 2018 3:56:33 PM org.hibernate.tool.hbm2ddl.TableMetadata &lt;init&gt;
INFO: HHH000037: Columns: [accountid, awallet_wall_id, acct_id, mobile, name, dateofcreation]
Mar 13, 2018 3:56:33 PM org.hibernate.tool.hbm2ddl.TableMetadata &lt;init&gt;
INFO: HHH000108: Foreign keys: [fk_ec53e9ipdqobj8o5jpn4m2g4o]
Mar 13, 2018 3:56:33 PM org.hibernate.tool.hbm2ddl.TableMetadata &lt;init&gt;
INFO: HHH000126: Indexes: [uk_9xv80l3mklng4ry0qo3vm79jc, sys_c009033]
Mar 13, 2018 3:56:33 PM org.hibernate.tool.hbm2ddl.TableMetadata &lt;init&gt;
INFO: HHH000261: Table found: HR.WALL_ACCOUNT_WALL_ACCT_TXN
Mar 13, 2018 3:56:33 PM org.hibernate.tool.hbm2ddl.TableMetadata &lt;init&gt;
INFO: HHH000037: Columns: [wall_account_acct_id, allacctxn_transaction_id]
Mar 13, 2018 3:56:33 PM org.hibernate.tool.hbm2ddl.TableMetadata &lt;init&gt;
INFO: HHH000108: Foreign keys: [fk_jhxjwlg96gld7ja75jyvfatsg, fk_4rik8x1t6twuwbghfgnjbnryq]
Mar 13, 2018 3:56:33 PM org.hibernate.tool.hbm2ddl.TableMetadata &lt;init&gt;
INFO: HHH000126: Indexes: [uk_jhxjwlg96gld7ja75jyvfatsg]
Mar 13, 2018 3:56:33 PM org.hibernate.tool.hbm2ddl.SchemaUpdate execute
INFO: HHH000232: Schema update complete
Mar 13, 2018 3:56:33 PM org.hibernate.jpa.internal.EntityManagerFactoryRegistry addEntityManagerFactory
WARN: HHH000436: Entity manager factory name (hello) is already registered.  If entity manager will be clustered or passivated, specify a unique value for property &apos;hibernate.ejb.entitymanager_factory_name&apos;
</system-err>
  </testcase>
  <testcase classname="WalletTransaction" name="invalid mobile number" time="0.265">
    <skipped/>
    <system-err>Mar 13, 2018 3:56:33 PM org.hibernate.jpa.internal.util.LogHelper logPersistenceUnitInformation
INFO: HHH000204: Processing PersistenceUnitInfo [
	name: hello
	...]
Mar 13, 2018 3:56:33 PM org.hibernate.dialect.Dialect &lt;init&gt;
INFO: HHH000400: Using dialect: org.hibernate.dialect.Oracle10gDialect
Mar 13, 2018 3:56:33 PM org.hibernate.hql.internal.ast.ASTQueryTranslatorFactory &lt;init&gt;
INFO: HHH000397: Using ASTQueryTranslatorFactory
Mar 13, 2018 3:56:33 PM org.hibernate.tool.hbm2ddl.SchemaUpdate execute
INFO: HHH000228: Running hbm2ddl schema update
Mar 13, 2018 3:56:33 PM org.hibernate.tool.hbm2ddl.SchemaUpdate execute
INFO: HHH000102: Fetching database metadata
Mar 13, 2018 3:56:33 PM org.hibernate.tool.hbm2ddl.SchemaUpdate execute
INFO: HHH000396: Updating schema
Mar 13, 2018 3:56:33 PM org.hibernate.tool.hbm2ddl.TableMetadata &lt;init&gt;
INFO: HHH000261: Table found: HR.WALL_ACCT_TXN
Mar 13, 2018 3:56:33 PM org.hibernate.tool.hbm2ddl.TableMetadata &lt;init&gt;
INFO: HHH000037: Columns: [transaction_id, performedaction, amount, account_acct_id, dateoftransaction]
Mar 13, 2018 3:56:33 PM org.hibernate.tool.hbm2ddl.TableMetadata &lt;init&gt;
INFO: HHH000108: Foreign keys: [fk_r11ime6uixspt10beg6a31vrm]
Mar 13, 2018 3:56:33 PM org.hibernate.tool.hbm2ddl.TableMetadata &lt;init&gt;
INFO: HHH000126: Indexes: [sys_c009028]
Mar 13, 2018 3:56:33 PM org.hibernate.tool.hbm2ddl.TableMetadata &lt;init&gt;
INFO: HHH000261: Table found: HR.WALL_WALLET
Mar 13, 2018 3:56:33 PM org.hibernate.tool.hbm2ddl.TableMetadata &lt;init&gt;
INFO: HHH000037: Columns: [wall_id, walletid, balance]
Mar 13, 2018 3:56:33 PM org.hibernate.tool.hbm2ddl.TableMetadata &lt;init&gt;
INFO: HHH000108: Foreign keys: []
Mar 13, 2018 3:56:33 PM org.hibernate.tool.hbm2ddl.TableMetadata &lt;init&gt;
INFO: HHH000126: Indexes: [sys_c009031]
Mar 13, 2018 3:56:33 PM org.hibernate.tool.hbm2ddl.TableMetadata &lt;init&gt;
INFO: HHH000261: Table found: HR.WALL_ACCOUNT
Mar 13, 2018 3:56:33 PM org.hibernate.tool.hbm2ddl.TableMetadata &lt;init&gt;
INFO: HHH000037: Columns: [accountid, awallet_wall_id, acct_id, mobile, name, dateofcreation]
Mar 13, 2018 3:56:33 PM org.hibernate.tool.hbm2ddl.TableMetadata &lt;init&gt;
INFO: HHH000108: Foreign keys: [fk_ec53e9ipdqobj8o5jpn4m2g4o]
Mar 13, 2018 3:56:33 PM org.hibernate.tool.hbm2ddl.TableMetadata &lt;init&gt;
INFO: HHH000126: Indexes: [uk_9xv80l3mklng4ry0qo3vm79jc, sys_c009033]
Mar 13, 2018 3:56:33 PM org.hibernate.tool.hbm2ddl.TableMetadata &lt;init&gt;
INFO: HHH000261: Table found: HR.WALL_ACCOUNT_WALL_ACCT_TXN
Mar 13, 2018 3:56:33 PM org.hibernate.tool.hbm2ddl.TableMetadata &lt;init&gt;
INFO: HHH000037: Columns: [wall_account_acct_id, allacctxn_transaction_id]
Mar 13, 2018 3:56:33 PM org.hibernate.tool.hbm2ddl.TableMetadata &lt;init&gt;
INFO: HHH000108: Foreign keys: [fk_jhxjwlg96gld7ja75jyvfatsg, fk_4rik8x1t6twuwbghfgnjbnryq]
Mar 13, 2018 3:56:33 PM org.hibernate.tool.hbm2ddl.TableMetadata &lt;init&gt;
INFO: HHH000126: Indexes: [uk_jhxjwlg96gld7ja75jyvfatsg]
Mar 13, 2018 3:56:33 PM org.hibernate.tool.hbm2ddl.SchemaUpdate execute
INFO: HHH000232: Schema update complete
Mar 13, 2018 3:56:33 PM org.hibernate.jpa.internal.EntityManagerFactoryRegistry addEntityManagerFactory
WARN: HHH000436: Entity manager factory name (hello) is already registered.  If entity manager will be clustered or passivated, specify a unique value for property &apos;hibernate.ejb.entitymanager_factory_name&apos;
</system-err>
  </testcase>
  <testcase classname="WalletTransaction" name="invalid mobile number (non-numerical value)" time="0.314">
    <skipped/>
    <system-err>Mar 13, 2018 3:56:33 PM org.hibernate.jpa.internal.util.LogHelper logPersistenceUnitInformation
INFO: HHH000204: Processing PersistenceUnitInfo [
	name: hello
	...]
Mar 13, 2018 3:56:33 PM org.hibernate.dialect.Dialect &lt;init&gt;
INFO: HHH000400: Using dialect: org.hibernate.dialect.Oracle10gDialect
Mar 13, 2018 3:56:33 PM org.hibernate.hql.internal.ast.ASTQueryTranslatorFactory &lt;init&gt;
INFO: HHH000397: Using ASTQueryTranslatorFactory
Mar 13, 2018 3:56:33 PM org.hibernate.tool.hbm2ddl.SchemaUpdate execute
INFO: HHH000228: Running hbm2ddl schema update
Mar 13, 2018 3:56:33 PM org.hibernate.tool.hbm2ddl.SchemaUpdate execute
INFO: HHH000102: Fetching database metadata
Mar 13, 2018 3:56:33 PM org.hibernate.tool.hbm2ddl.SchemaUpdate execute
INFO: HHH000396: Updating schema
Mar 13, 2018 3:56:33 PM org.hibernate.tool.hbm2ddl.TableMetadata &lt;init&gt;
INFO: HHH000261: Table found: HR.WALL_ACCT_TXN
Mar 13, 2018 3:56:33 PM org.hibernate.tool.hbm2ddl.TableMetadata &lt;init&gt;
INFO: HHH000037: Columns: [transaction_id, performedaction, amount, account_acct_id, dateoftransaction]
Mar 13, 2018 3:56:33 PM org.hibernate.tool.hbm2ddl.TableMetadata &lt;init&gt;
INFO: HHH000108: Foreign keys: [fk_r11ime6uixspt10beg6a31vrm]
Mar 13, 2018 3:56:33 PM org.hibernate.tool.hbm2ddl.TableMetadata &lt;init&gt;
INFO: HHH000126: Indexes: [sys_c009028]
Mar 13, 2018 3:56:33 PM org.hibernate.tool.hbm2ddl.TableMetadata &lt;init&gt;
INFO: HHH000261: Table found: HR.WALL_WALLET
Mar 13, 2018 3:56:33 PM org.hibernate.tool.hbm2ddl.TableMetadata &lt;init&gt;
INFO: HHH000037: Columns: [wall_id, walletid, balance]
Mar 13, 2018 3:56:33 PM org.hibernate.tool.hbm2ddl.TableMetadata &lt;init&gt;
INFO: HHH000108: Foreign keys: []
Mar 13, 2018 3:56:33 PM org.hibernate.tool.hbm2ddl.TableMetadata &lt;init&gt;
INFO: HHH000126: Indexes: [sys_c009031]
Mar 13, 2018 3:56:33 PM org.hibernate.tool.hbm2ddl.TableMetadata &lt;init&gt;
INFO: HHH000261: Table found: HR.WALL_ACCOUNT
Mar 13, 2018 3:56:33 PM org.hibernate.tool.hbm2ddl.TableMetadata &lt;init&gt;
INFO: HHH000037: Columns: [accountid, awallet_wall_id, acct_id, mobile, name, dateofcreation]
Mar 13, 2018 3:56:33 PM org.hibernate.tool.hbm2ddl.TableMetadata &lt;init&gt;
INFO: HHH000108: Foreign keys: [fk_ec53e9ipdqobj8o5jpn4m2g4o]
Mar 13, 2018 3:56:33 PM org.hibernate.tool.hbm2ddl.TableMetadata &lt;init&gt;
INFO: HHH000126: Indexes: [uk_9xv80l3mklng4ry0qo3vm79jc, sys_c009033]
Mar 13, 2018 3:56:33 PM org.hibernate.tool.hbm2ddl.TableMetadata &lt;init&gt;
INFO: HHH000261: Table found: HR.WALL_ACCOUNT_WALL_ACCT_TXN
Mar 13, 2018 3:56:33 PM org.hibernate.tool.hbm2ddl.TableMetadata &lt;init&gt;
INFO: HHH000037: Columns: [wall_account_acct_id, allacctxn_transaction_id]
Mar 13, 2018 3:56:33 PM org.hibernate.tool.hbm2ddl.TableMetadata &lt;init&gt;
INFO: HHH000108: Foreign keys: [fk_jhxjwlg96gld7ja75jyvfatsg, fk_4rik8x1t6twuwbghfgnjbnryq]
Mar 13, 2018 3:56:33 PM org.hibernate.tool.hbm2ddl.TableMetadata &lt;init&gt;
INFO: HHH000126: Indexes: [uk_jhxjwlg96gld7ja75jyvfatsg]
Mar 13, 2018 3:56:33 PM org.hibernate.tool.hbm2ddl.SchemaUpdate execute
INFO: HHH000232: Schema update complete
Mar 13, 2018 3:56:33 PM org.hibernate.jpa.internal.EntityManagerFactoryRegistry addEntityManagerFactory
WARN: HHH000436: Entity manager factory name (hello) is already registered.  If entity manager will be clustered or passivated, specify a unique value for property &apos;hibernate.ejb.entitymanager_factory_name&apos;
</system-err>
  </testcase>
  <testcase classname="WalletTransaction" name="mobile number is null" time="0.254">
    <skipped/>
    <system-err>Mar 13, 2018 3:56:33 PM org.hibernate.jpa.internal.util.LogHelper logPersistenceUnitInformation
INFO: HHH000204: Processing PersistenceUnitInfo [
	name: hello
	...]
Mar 13, 2018 3:56:33 PM org.hibernate.dialect.Dialect &lt;init&gt;
INFO: HHH000400: Using dialect: org.hibernate.dialect.Oracle10gDialect
Mar 13, 2018 3:56:33 PM org.hibernate.hql.internal.ast.ASTQueryTranslatorFactory &lt;init&gt;
INFO: HHH000397: Using ASTQueryTranslatorFactory
Mar 13, 2018 3:56:33 PM org.hibernate.tool.hbm2ddl.SchemaUpdate execute
INFO: HHH000228: Running hbm2ddl schema update
Mar 13, 2018 3:56:33 PM org.hibernate.tool.hbm2ddl.SchemaUpdate execute
INFO: HHH000102: Fetching database metadata
Mar 13, 2018 3:56:34 PM org.hibernate.tool.hbm2ddl.SchemaUpdate execute
INFO: HHH000396: Updating schema
Mar 13, 2018 3:56:34 PM org.hibernate.tool.hbm2ddl.TableMetadata &lt;init&gt;
INFO: HHH000261: Table found: HR.WALL_ACCT_TXN
Mar 13, 2018 3:56:34 PM org.hibernate.tool.hbm2ddl.TableMetadata &lt;init&gt;
INFO: HHH000037: Columns: [transaction_id, performedaction, amount, account_acct_id, dateoftransaction]
Mar 13, 2018 3:56:34 PM org.hibernate.tool.hbm2ddl.TableMetadata &lt;init&gt;
INFO: HHH000108: Foreign keys: [fk_r11ime6uixspt10beg6a31vrm]
Mar 13, 2018 3:56:34 PM org.hibernate.tool.hbm2ddl.TableMetadata &lt;init&gt;
INFO: HHH000126: Indexes: [sys_c009028]
Mar 13, 2018 3:56:34 PM org.hibernate.tool.hbm2ddl.TableMetadata &lt;init&gt;
INFO: HHH000261: Table found: HR.WALL_WALLET
Mar 13, 2018 3:56:34 PM org.hibernate.tool.hbm2ddl.TableMetadata &lt;init&gt;
INFO: HHH000037: Columns: [wall_id, walletid, balance]
Mar 13, 2018 3:56:34 PM org.hibernate.tool.hbm2ddl.TableMetadata &lt;init&gt;
INFO: HHH000108: Foreign keys: []
Mar 13, 2018 3:56:34 PM org.hibernate.tool.hbm2ddl.TableMetadata &lt;init&gt;
INFO: HHH000126: Indexes: [sys_c009031]
Mar 13, 2018 3:56:34 PM org.hibernate.tool.hbm2ddl.TableMetadata &lt;init&gt;
INFO: HHH000261: Table found: HR.WALL_ACCOUNT
Mar 13, 2018 3:56:34 PM org.hibernate.tool.hbm2ddl.TableMetadata &lt;init&gt;
INFO: HHH000037: Columns: [accountid, awallet_wall_id, acct_id, mobile, name, dateofcreation]
Mar 13, 2018 3:56:34 PM org.hibernate.tool.hbm2ddl.TableMetadata &lt;init&gt;
INFO: HHH000108: Foreign keys: [fk_ec53e9ipdqobj8o5jpn4m2g4o]
Mar 13, 2018 3:56:34 PM org.hibernate.tool.hbm2ddl.TableMetadata &lt;init&gt;
INFO: HHH000126: Indexes: [uk_9xv80l3mklng4ry0qo3vm79jc, sys_c009033]
Mar 13, 2018 3:56:34 PM org.hibernate.tool.hbm2ddl.TableMetadata &lt;init&gt;
INFO: HHH000261: Table found: HR.WALL_ACCOUNT_WALL_ACCT_TXN
Mar 13, 2018 3:56:34 PM org.hibernate.tool.hbm2ddl.TableMetadata &lt;init&gt;
INFO: HHH000037: Columns: [wall_account_acct_id, allacctxn_transaction_id]
Mar 13, 2018 3:56:34 PM org.hibernate.tool.hbm2ddl.TableMetadata &lt;init&gt;
INFO: HHH000108: Foreign keys: [fk_jhxjwlg96gld7ja75jyvfatsg, fk_4rik8x1t6twuwbghfgnjbnryq]
Mar 13, 2018 3:56:34 PM org.hibernate.tool.hbm2ddl.TableMetadata &lt;init&gt;
INFO: HHH000126: Indexes: [uk_jhxjwlg96gld7ja75jyvfatsg]
Mar 13, 2018 3:56:34 PM org.hibernate.tool.hbm2ddl.SchemaUpdate execute
INFO: HHH000232: Schema update complete
Mar 13, 2018 3:56:34 PM org.hibernate.jpa.internal.EntityManagerFactoryRegistry addEntityManagerFactory
WARN: HHH000436: Entity manager factory name (hello) is already registered.  If entity manager will be clustered or passivated, specify a unique value for property &apos;hibernate.ejb.entitymanager_factory_name&apos;
</system-err>
  </testcase>
  <testcase classname="WalletTransaction" name="name is valid, mobile number is valid, amount is valid" time="0.281">
    <skipped/>
    <system-err>Mar 13, 2018 3:56:34 PM org.hibernate.jpa.internal.util.LogHelper logPersistenceUnitInformation
INFO: HHH000204: Processing PersistenceUnitInfo [
	name: hello
	...]
Mar 13, 2018 3:56:34 PM org.hibernate.dialect.Dialect &lt;init&gt;
INFO: HHH000400: Using dialect: org.hibernate.dialect.Oracle10gDialect
Mar 13, 2018 3:56:34 PM org.hibernate.hql.internal.ast.ASTQueryTranslatorFactory &lt;init&gt;
INFO: HHH000397: Using ASTQueryTranslatorFactory
Mar 13, 2018 3:56:34 PM org.hibernate.tool.hbm2ddl.SchemaUpdate execute
INFO: HHH000228: Running hbm2ddl schema update
Mar 13, 2018 3:56:34 PM org.hibernate.tool.hbm2ddl.SchemaUpdate execute
INFO: HHH000102: Fetching database metadata
Mar 13, 2018 3:56:34 PM org.hibernate.tool.hbm2ddl.SchemaUpdate execute
INFO: HHH000396: Updating schema
Mar 13, 2018 3:56:34 PM org.hibernate.tool.hbm2ddl.TableMetadata &lt;init&gt;
INFO: HHH000261: Table found: HR.WALL_ACCT_TXN
Mar 13, 2018 3:56:34 PM org.hibernate.tool.hbm2ddl.TableMetadata &lt;init&gt;
INFO: HHH000037: Columns: [transaction_id, performedaction, amount, account_acct_id, dateoftransaction]
Mar 13, 2018 3:56:34 PM org.hibernate.tool.hbm2ddl.TableMetadata &lt;init&gt;
INFO: HHH000108: Foreign keys: [fk_r11ime6uixspt10beg6a31vrm]
Mar 13, 2018 3:56:34 PM org.hibernate.tool.hbm2ddl.TableMetadata &lt;init&gt;
INFO: HHH000126: Indexes: [sys_c009028]
Mar 13, 2018 3:56:34 PM org.hibernate.tool.hbm2ddl.TableMetadata &lt;init&gt;
INFO: HHH000261: Table found: HR.WALL_WALLET
Mar 13, 2018 3:56:34 PM org.hibernate.tool.hbm2ddl.TableMetadata &lt;init&gt;
INFO: HHH000037: Columns: [wall_id, walletid, balance]
Mar 13, 2018 3:56:34 PM org.hibernate.tool.hbm2ddl.TableMetadata &lt;init&gt;
INFO: HHH000108: Foreign keys: []
Mar 13, 2018 3:56:34 PM org.hibernate.tool.hbm2ddl.TableMetadata &lt;init&gt;
INFO: HHH000126: Indexes: [sys_c009031]
Mar 13, 2018 3:56:34 PM org.hibernate.tool.hbm2ddl.TableMetadata &lt;init&gt;
INFO: HHH000261: Table found: HR.WALL_ACCOUNT
Mar 13, 2018 3:56:34 PM org.hibernate.tool.hbm2ddl.TableMetadata &lt;init&gt;
INFO: HHH000037: Columns: [accountid, awallet_wall_id, acct_id, mobile, name, dateofcreation]
Mar 13, 2018 3:56:34 PM org.hibernate.tool.hbm2ddl.TableMetadata &lt;init&gt;
INFO: HHH000108: Foreign keys: [fk_ec53e9ipdqobj8o5jpn4m2g4o]
Mar 13, 2018 3:56:34 PM org.hibernate.tool.hbm2ddl.TableMetadata &lt;init&gt;
INFO: HHH000126: Indexes: [uk_9xv80l3mklng4ry0qo3vm79jc, sys_c009033]
Mar 13, 2018 3:56:34 PM org.hibernate.tool.hbm2ddl.TableMetadata &lt;init&gt;
INFO: HHH000261: Table found: HR.WALL_ACCOUNT_WALL_ACCT_TXN
Mar 13, 2018 3:56:34 PM org.hibernate.tool.hbm2ddl.TableMetadata &lt;init&gt;
INFO: HHH000037: Columns: [wall_account_acct_id, allacctxn_transaction_id]
Mar 13, 2018 3:56:34 PM org.hibernate.tool.hbm2ddl.TableMetadata &lt;init&gt;
INFO: HHH000108: Foreign keys: [fk_jhxjwlg96gld7ja75jyvfatsg, fk_4rik8x1t6twuwbghfgnjbnryq]
Mar 13, 2018 3:56:34 PM org.hibernate.tool.hbm2ddl.TableMetadata &lt;init&gt;
INFO: HHH000126: Indexes: [uk_jhxjwlg96gld7ja75jyvfatsg]
Mar 13, 2018 3:56:34 PM org.hibernate.tool.hbm2ddl.SchemaUpdate execute
INFO: HHH000232: Schema update complete
Mar 13, 2018 3:56:34 PM org.hibernate.jpa.internal.EntityManagerFactoryRegistry addEntityManagerFactory
WARN: HHH000436: Entity manager factory name (hello) is already registered.  If entity manager will be clustered or passivated, specify a unique value for property &apos;hibernate.ejb.entitymanager_factory_name&apos;
</system-err>
  </testcase>
  <testcase classname="WalletWithdraw" name="mobile not found" time="0.377"/>
  <testcase classname="WalletWithdraw" name="invalid mobile number" time="0.219"/>
  <testcase classname="WalletWithdraw" name="invalid mobile number (non-numerical value)" time="0.247"/>
  <testcase classname="WalletWithdraw" name="mobile number is null" time="0.316"/>
  <testcase classname="WalletWithdraw" name="amount is invalid" time="0.291"/>
  <testcase classname="WalletWithdraw" name="insufficient funds" time="0.265"/>
  <testcase classname="WalletWithdraw" name="WalletWithdrawValid" time="0.286"/>
</testsuite>